<?xml version="1.0" encoding="UTF-8"?>
<robot generator="Robot 7.1.1 (Python 3.13.0 on win32)" generated="2024-11-12T13:57:28.888447" rpa="false" schemaversion="5">
<suite id="s1" name="OpenUrl" source="C:\Users\xmedia\PycharmProjects\RobotFramework\TestCases\OpenUrl.robot">
<test id="s1-t1" name="Open The FlipKart" line="8">
<kw name="Open Browser" owner="SeleniumLibrary">
<msg time="2024-11-12T13:57:30.214913" level="INFO">Opening browser 'chrome' to base url 'https://www.flipkart.com/'.</msg>
<arg>https://www.flipkart.com/</arg>
<arg>chrome</arg>
<doc>Opens a new browser instance to the optional ``url``.</doc>
<status status="PASS" start="2024-11-12T13:57:30.214219" elapsed="22.030866"/>
</kw>
<kw name="Maximize Browser Window" owner="SeleniumLibrary">
<doc>Maximizes current browser window.</doc>
<status status="PASS" start="2024-11-12T13:57:52.257493" elapsed="0.771440"/>
</kw>
<kw name="Set Variable" owner="BuiltIn">
<msg time="2024-11-12T13:57:53.031122" level="INFO">${"Searchbox"} = name:q</msg>
<var>${"Searchbox"}</var>
<arg>name:q</arg>
<doc>Returns the given values which can then be assigned to a variables.</doc>
<status status="PASS" start="2024-11-12T13:57:53.030265" elapsed="0.001048"/>
</kw>
<kw name="Input Text" owner="SeleniumLibrary">
<msg time="2024-11-12T13:57:53.041811" level="INFO">Typing text 'iphone 16 pro max' into text field 'name:q'.</msg>
<arg>${"Searchbox"}</arg>
<arg>iphone 16 pro max</arg>
<doc>Types the given ``text`` into the text field identified by ``locator``.</doc>
<status status="PASS" start="2024-11-12T13:57:53.039999" elapsed="2.533571"/>
</kw>
<kw name="Click Element" owner="SeleniumLibrary">
<msg time="2024-11-12T13:57:55.613955" level="INFO">Clicking element 'class:_2iLD__'.</msg>
<arg>class:_2iLD__</arg>
<doc>Click the element identified by ``locator``.</doc>
<status status="PASS" start="2024-11-12T13:57:55.612705" elapsed="7.897353"/>
</kw>
<kw name="Sleep" owner="BuiltIn">
<msg time="2024-11-12T13:58:06.538163" level="INFO">Slept 3 seconds.</msg>
<arg>3</arg>
<doc>Pauses the test executed for the given time.</doc>
<status status="PASS" start="2024-11-12T13:58:03.536344" elapsed="3.002193"/>
</kw>
<kw name="Click Element" owner="SeleniumLibrary">
<msg time="2024-11-12T13:58:06.540966" level="INFO">Clicking element 'class:XqNaEv'.</msg>
<arg>class:XqNaEv</arg>
<doc>Click the element identified by ``locator``.</doc>
<status status="PASS" start="2024-11-12T13:58:06.540283" elapsed="2.202422"/>
</kw>
<kw name="Element Should Be Visible" owner="SeleniumLibrary">
<msg time="2024-11-12T13:58:09.472300" level="INFO">Element 'class:XqNaEv' is displayed.</msg>
<arg>class:XqNaEv</arg>
<doc>Verifies that the element identified by ``locator`` is visible.</doc>
<status status="PASS" start="2024-11-12T13:58:08.743720" elapsed="0.728861"/>
</kw>
<kw name="Sleep" owner="BuiltIn">
<msg time="2024-11-12T13:58:14.474463" level="INFO">Slept 5 seconds.</msg>
<arg>5</arg>
<doc>Pauses the test executed for the given time.</doc>
<status status="PASS" start="2024-11-12T13:58:09.473346" elapsed="5.001428"/>
</kw>
<status status="PASS" start="2024-11-12T13:57:30.210850" elapsed="44.265041"/>
</test>
<status status="PASS" start="2024-11-12T13:57:28.894684" elapsed="45.589267"/>
</suite>
<statistics>
<total>
<stat pass="1" fail="0" skip="0">All Tests</stat>
</total>
<tag>
</tag>
<suite>
<stat pass="1" fail="0" skip="0" id="s1" name="OpenUrl">OpenUrl</stat>
</suite>
</statistics>
<errors>
</errors>
</robot>
